<?xml version="1.0" encoding="UTF-8"?>
<!-- Generated by org.testng.reporters.JUnitReportReporter -->
<testsuite hostname="EG5CG8352J5Y" failures="0" tests="2" name="test.Cases.CheckOutAndConfirmOrderTest" time="37.903" errors="0" timestamp="11 Mar 2022 17:38:07 GMT" skipped="0">
  <testcase classname="test.Cases.CheckOutAndConfirmOrderTest" name="RegisterNewUser" time="12.902"/>
  <testcase classname="test.Cases.CheckOutAndConfirmOrderTest" name="ShopItem" time="25.001"/>
</testsuite> <!-- test.Cases.CheckOutAndConfirmOrderTest -->
